\BOOKMARK [1][-]{section.1}{\376\377\116\073\211\201\173\046\123\367\133\371\161\147\210\150}{}% 1
\BOOKMARK [1][-]{section.2}{\376\377\176\352\213\272}{}% 2
\BOOKMARK [2][-]{subsection.2.1}{\376\377\170\024\172\166\200\314\146\157\116\016\141\017\116\111}{section.2}% 3
\BOOKMARK [2][-]{subsection.2.2}{\376\377\126\375\121\205\131\026\170\024\172\166\163\260\162\266\123\312\123\321\134\125\215\213\122\277}{section.2}% 4
\BOOKMARK [3][-]{subsubsection.2.2.1}{\376\377\117\040\176\337\166\204\127\372\116\216\131\032\230\171\137\017\220\074\217\321\166\204\137\061\123\357\123\213\177\051\116\044\166\370\155\101\152\041\127\213\154\102\211\343\145\271\154\325}{subsection.2.2}% 5
\BOOKMARK [3][-]{subsubsection.2.2.2}{\376\377\227\136\131\032\230\171\137\017\220\074\217\321\172\172\225\364\000\040\000W\000E\000N\000O\000\040\150\074\137\017\123\312\121\166\123\321\134\125}{subsection.2.2}% 6
\BOOKMARK [2][-]{subsection.2.3}{\376\377\147\054\145\207\166\204\116\073\211\201\135\345\117\134\116\016\121\205\133\271\133\211\143\222}{section.2}% 7
\BOOKMARK [1][-]{section.3}{\376\377\117\177\165\050\000W\000E\000N\000O\147\011\226\120\117\123\171\357\154\325\154\102\211\343\116\011\145\271\172\013\152\041\127\213}{}% 8
\BOOKMARK [2][-]{subsection.3.1}{\376\377\116\011\145\271\172\013\152\041\127\213\116\016\171\273\145\143\150\074\137\017}{section.3}% 9
\BOOKMARK [2][-]{subsection.3.2}{\376\377\221\315\147\204\123\330\221\317}{section.3}% 10
\BOOKMARK [2][-]{subsection.3.3}{\376\377\117\040\176\337\127\372\116\216\131\032\230\171\137\017\166\204\147\011\226\120\117\123\171\357\000W\000E\000N\000O\150\074\137\017}{section.3}% 11
\BOOKMARK [3][-]{subsubsection.3.3.1}{\376\377\000W\000E\000N\000O\221\315\147\204\217\307\172\013}{subsection.3.3}% 12
\BOOKMARK [3][-]{subsubsection.3.3.2}{\376\377\000W\000E\000N\000O\0005\000-\000J\000S\150\074\137\017}{subsection.3.3}% 13
\BOOKMARK [3][-]{subsubsection.3.3.3}{\376\377\000W\000E\000N\000O\0005\000-\000Z\150\074\137\017}{subsection.3.3}% 14
\BOOKMARK [3][-]{subsubsection.3.3.4}{\376\377\116\214\176\364\000\040\000W\000E\000N\000O\000\040\221\315\147\204}{subsection.3.3}% 15
\BOOKMARK [2][-]{subsection.3.4}{\376\377\117\335\153\143\226\120\122\066\173\227\154\325}{section.3}% 16
\BOOKMARK [2][-]{subsection.3.5}{\376\377\000R\000i\000e\000m\000a\000n\000n\000\040\154\102\211\343\126\150}{section.3}% 17
\BOOKMARK [1][-]{section.4}{\376\377\232\330\174\276\136\246\000\040\000W\000E\000N\000O\000\040\221\315\147\204}{}% 18
\BOOKMARK [2][-]{subsection.4.1}{\376\377\227\136\131\032\230\171\137\017\121\375\145\160\221\315\147\204\145\271\154\325}{section.4}% 19
\BOOKMARK [2][-]{subsection.4.2}{\376\377\227\136\131\032\230\171\137\017\127\372\121\375\145\160}{section.4}% 20
\BOOKMARK [2][-]{subsection.4.3}{\376\377\143\007\145\160\131\032\230\171\137\017\220\074\217\321\172\172\225\364\000\040\000W\000E\000N\000O\000\040\150\074\137\017}{section.4}% 21
\BOOKMARK [3][-]{subsubsection.4.3.1}{\376\377\131\047\152\041\147\177\221\315\147\204\116\016\137\142\162\266\123\302\145\160}{subsection.4.3}% 22
\BOOKMARK [3][-]{subsubsection.4.3.2}{\376\377\133\120\152\041\147\177\221\315\147\204\116\016\176\277\140\047\147\103\221\315}{subsection.4.3}% 23
\BOOKMARK [3][-]{subsubsection.4.3.3}{\376\377\227\136\176\277\140\047\147\103\221\315\116\016\121\111\156\321\140\047\143\007\150\007}{subsection.4.3}% 24
\BOOKMARK [2][-]{subsection.4.4}{\376\377\137\142\162\266\123\302\145\160\166\204\201\352\220\002\136\224\220\011\123\326}{section.4}% 25
\BOOKMARK [1][-]{section.5}{\376\377\145\160\120\074\176\323\147\234}{}% 26
\BOOKMARK [2][-]{subsection.5.1}{\376\377\000M\000P\000I\000\040\136\166\210\114\172\013\136\217\213\276\213\241}{section.5}% 27
\BOOKMARK [2][-]{subsection.5.2}{\376\377\116\000\176\364\121\111\156\321\133\371\155\101\225\356\230\230}{section.5}% 28
\BOOKMARK [2][-]{subsection.5.3}{\376\377\116\000\176\364\225\020\122\051\133\371\155\101\225\356\230\230}{section.5}% 29
\BOOKMARK [2][-]{subsection.5.4}{\376\377\116\214\176\364\121\111\156\321\133\371\155\101\225\356\230\230}{section.5}% 30
\BOOKMARK [2][-]{subsection.5.5}{\376\377\116\214\176\364\225\020\122\051\133\371\155\101\225\356\230\230}{section.5}% 31
\BOOKMARK [2][-]{subsection.5.6}{\376\377\117\116\136\105\120\074\232\173\154\342\225\356\230\230}{section.5}% 32
\BOOKMARK [2][-]{subsection.5.7}{\376\377\176\277\140\047\146\103\203\141\225\356\230\230}{section.5}% 33
\BOOKMARK [2][-]{subsection.5.8}{\376\377\000R\000a\000y\000l\000e\000i\000g\000h\040\023\000T\000a\000y\000l\000o\000r\000\040\116\015\172\063\133\232\140\047\225\356\230\230}{section.5}% 34
\BOOKMARK [2][-]{subsection.5.9}{\376\377\156\203\127\135\155\101\225\356\230\230}{section.5}% 35
\BOOKMARK [1][-]{section.6}{\376\377\176\323\213\272\116\016\134\125\147\033}{}% 36
\BOOKMARK [1][-]{section.7}{\376\377\145\073\213\373\133\146\117\115\147\037\225\364\133\146\147\057\142\020\147\234\123\312\203\267\131\126\140\305\121\265}{}% 37
\BOOKMARK [1][-]{section.8}{\376\377\201\364\214\042}{}% 38
\BOOKMARK [1][-]{section.9}{\376\377\217\331\221\314\145\076\177\156\116\000\116\233\123\357\200\375\147\011\165\050\123\357\200\375\154\241\165\050\166\204\226\104\137\125\121\205\133\271}{}% 39
\BOOKMARK [2][-]{subsection.9.1}{\376\377\236\316\146\374\154\102\211\343\126\150}{section.9}% 40
\BOOKMARK [2][-]{subsection.9.2}{\376\377\162\171\137\201\123\330\221\317\221\315\147\204}{section.9}% 41
